<?xml version="1.0" encoding="UTF-8" ?>
<testsuite tests="6" failures="0" name="com.bbva.aaaa.AAAAT00101COTransactionTest" time="1.964" errors="0" skipped="0">
  <properties>
    <property name="java.runtime.name" value="Java(TM) SE Runtime Environment"/>
    <property name="sun.boot.library.path" value="C:\IDE_APX_win64\tools\jdk-1.8\jre\bin"/>
    <property name="java.vm.version" value="25.91-b15"/>
    <property name="user.country.format" value="CO"/>
    <property name="java.vm.vendor" value="Oracle Corporation"/>
    <property name="maven.multiModuleProjectDirectory" value="C:\IDE_APX_win64\workspace\UF_PRUEBA_AAAA\apx-laboratory-bbva\artifact\transactions"/>
    <property name="java.vendor.url" value="http://java.oracle.com/"/>
    <property name="path.separator" value=";"/>
    <property name="guice.disable.misplaced.annotation.check" value="true"/>
    <property name="java.vm.name" value="Java HotSpot(TM) 64-Bit Server VM"/>
    <property name="file.encoding.pkg" value="sun.io"/>
    <property name="user.script" value=""/>
    <property name="user.country" value="GB"/>
    <property name="sun.java.launcher" value="SUN_STANDARD"/>
    <property name="sun.os.patch.level" value=""/>
    <property name="java.vm.specification.name" value="Java Virtual Machine Specification"/>
    <property name="user.dir" value="C:\IDE_APX_win64\workspace\UF_PRUEBA_AAAA\apx-laboratory-bbva\artifact\transactions"/>
    <property name="java.runtime.version" value="1.8.0_91-b15"/>
    <property name="java.awt.graphicsenv" value="sun.awt.Win32GraphicsEnvironment"/>
    <property name="java.endorsed.dirs" value="C:\IDE_APX_win64\tools\jdk-1.8\jre\lib\endorsed"/>
    <property name="os.arch" value="amd64"/>
    <property name="java.io.tmpdir" value="C:\Users\AnDrEy\AppData\Local\Temp\"/>
    <property name="line.separator" value="
"/>
    <property name="java.vm.specification.vendor" value="Oracle Corporation"/>
    <property name="user.variant" value=""/>
    <property name="os.name" value="Windows 10"/>
    <property name="classworlds.conf" value="C:\IDE_APX_win64\workspace\.metadata\.plugins\org.eclipse.m2e.launching\launches\m2conf3770762210152626144.tmp"/>
    <property name="sun.jnu.encoding" value="Cp1252"/>
    <property name="java.library.path" value="C:\IDE_APX_win64\tools\jdk-1.8\bin;C:\WINDOWS\Sun\Java\bin;C:\WINDOWS\system32;C:\WINDOWS;C:/IDE_APX_win64/tools/jdk-1.8/jre/bin/server;C:/IDE_APX_win64/tools/jdk-1.8/jre/bin;C:/IDE_APX_win64/tools/jdk-1.8/jre/lib/amd64;C:\IDE_APX_win64\tools\jdk-1.8\bin;C:\IDE_APX_win64\tools\apache-maven-3.3.9\bin;C:\Users\AnDrEy\Documents\herraminetas\RailsInstaller\Git\cmd;C:\Users\AnDrEy\Documents\herraminetas\RailsInstaller\Ruby2.3.3\bin;C:\Program Files (x86)\NVIDIA Corporation\PhysX\Common;C:\Program Files\Java\jdk1.8.0_161\bin;C:\WINDOWS\system32;C:\WINDOWS;C:\WINDOWS\System32\Wbem;C:\WINDOWS\System32\WindowsPowerShell\v1.0\;C:\WINDOWS\System32\OpenSSH\;C:\Program Files\Microsoft SQL Server\Client SDK\ODBC\110\Tools\Binn\;C:\Program Files (x86)\Microsoft SQL Server\120\Tools\Binn\;C:\Program Files\Microsoft SQL Server\120\Tools\Binn\;C:\Program Files\Microsoft SQL Server\120\DTS\Binn\;C:\Program Files (x86)\Windows Kits\8.1\Windows Performance Toolkit\;C:\Program Files\nodejs\;C:\Program Files\PuTTY\;C:\Program Files\TortoiseSVN\bin;C:\Program Files\TortoiseGit\bin;C:\Program Files\RailsInstaller\Git\cmd;C:\Program Files\RailsInstaller\Ruby2.3.3\bin;C:\Users\AnDrEy\AppData\Local\Microsoft\WindowsApps;;C:\Users\AnDrEy\AppData\Local\Programs\Microsoft VS Code\bin;C:\Users\AnDrEy\AppData\Roaming\npm;C:\IDE_APX_win64\eclipse;;."/>
    <property name="java.specification.name" value="Java Platform API Specification"/>
    <property name="java.class.version" value="52.0"/>
    <property name="sun.management.compiler" value="HotSpot 64-Bit Tiered Compilers"/>
    <property name="os.version" value="10.0"/>
    <property name="user.home" value="C:\Users\AnDrEy"/>
    <property name="user.timezone" value="America/Bogota"/>
    <property name="java.awt.printerjob" value="sun.awt.windows.WPrinterJob"/>
    <property name="java.specification.version" value="1.8"/>
    <property name="file.encoding" value="Cp1252"/>
    <property name="user.name" value="AnDrEy"/>
    <property name="java.class.path" value="C:\IDE_APX_win64\eclipse\..\tools\apache-maven-3.3.9\boot\plexus-classworlds-2.5.2.jar"/>
    <property name="java.vm.specification.version" value="1.8"/>
    <property name="sun.arch.data.model" value="64"/>
    <property name="java.home" value="C:\IDE_APX_win64\tools\jdk-1.8\jre"/>
    <property name="sun.java.command" value="org.codehaus.plexus.classworlds.launcher.Launcher -B -gs C:\IDE_APX_win64\tools\apache-maven-3.3.9\conf\settings.xml -s C:\IDE_APX_win64\tools\apache-maven-3.3.9\conf\settings.xml install"/>
    <property name="java.specification.vendor" value="Oracle Corporation"/>
    <property name="user.language" value="en"/>
    <property name="user.language.format" value="es"/>
    <property name="awt.toolkit" value="sun.awt.windows.WToolkit"/>
    <property name="java.vm.info" value="mixed mode"/>
    <property name="java.version" value="1.8.0_91"/>
    <property name="java.ext.dirs" value="C:\IDE_APX_win64\tools\jdk-1.8\jre\lib\ext;C:\WINDOWS\Sun\Java\lib\ext"/>
    <property name="sun.boot.class.path" value="C:\IDE_APX_win64\tools\jdk-1.8\jre\lib\resources.jar;C:\IDE_APX_win64\tools\jdk-1.8\jre\lib\rt.jar;C:\IDE_APX_win64\tools\jdk-1.8\jre\lib\sunrsasign.jar;C:\IDE_APX_win64\tools\jdk-1.8\jre\lib\jsse.jar;C:\IDE_APX_win64\tools\jdk-1.8\jre\lib\jce.jar;C:\IDE_APX_win64\tools\jdk-1.8\jre\lib\charsets.jar;C:\IDE_APX_win64\tools\jdk-1.8\jre\lib\jfr.jar;C:\IDE_APX_win64\tools\jdk-1.8\jre\classes"/>
    <property name="java.vendor" value="Oracle Corporation"/>
    <property name="maven.home" value="C:\IDE_APX_win64\workspace\UF_PRUEBA_AAAA\apx-laboratory-bbva\artifact\transactions\..\tools\apache-maven-3.3.9"/>
    <property name="file.separator" value="\"/>
    <property name="java.vendor.url.bug" value="http://bugreport.sun.com/bugreport/"/>
    <property name="sun.cpu.endian" value="little"/>
    <property name="sun.io.unicode.encoding" value="UnicodeLittle"/>
    <property name="sun.desktop" value="windows"/>
    <property name="sun.cpu.isalist" value="amd64"/>
  </properties>
  <testcase classname="com.bbva.aaaa.AAAAT00101COTransactionTest" name="testNotMethodGET" time="1.864"/>
  <testcase classname="com.bbva.aaaa.AAAAT00101COTransactionTest" name="testNotNull" time="0.034"/>
  <testcase classname="com.bbva.aaaa.AAAAT00101COTransactionTest" name="testMethodGET" time="0.015"/>
  <testcase classname="com.bbva.aaaa.AAAAT00101COTransactionTest" name="testMethodGETDocumentType" time="0.025"/>
  <testcase classname="com.bbva.aaaa.AAAAT00101COTransactionTest" name="testMethodGETDocumentTypeOK" time="0.013"/>
  <testcase classname="com.bbva.aaaa.AAAAT00101COTransactionTest" name="testMethodGETNotDocumentType" time="0.013"/>
</testsuite>